<?xml version="1.0" encoding="UTF-8"?>
<!-- Generated by org.testng.reporters.JUnitReportReporter -->
<testsuite hostname="DESKTOP-4D96T8D" failures="0" tests="1" name="neevsystems.SeleniumFrameWork.ErrorValidationSec20" time="6.545" errors="0" timestamp="2024-06-25T11:19:03 IST" skipped="0">
  <testcase classname="neevsystems.SeleniumFrameWork.ErrorValidationSec20" name="submitOrder" time="6.545"/>
  <system-out/>
</testsuite> <!-- neevsystems.SeleniumFrameWork.ErrorValidationSec20 -->
