<?xml version="1.0" encoding="UTF-8"?>
<!-- Generated by org.testng.reporters.JUnitReportReporter -->
<testsuite hostname="DESKTOP-4D96T8D" failures="0" tests="2" name="neevsystems.SeleniumFrameWork.StandAloneSubmitOrder" time="27.600" errors="0" timestamp="26 Jun 2024 13:45:45 GMT" skipped="0">
  <testcase classname="neevsystems.SeleniumFrameWork.StandAloneSubmitOrder" name="submitOrder" time="16.819"/>
  <testcase classname="neevsystems.SeleniumFrameWork.StandAloneSubmitOrder" name="submitOrder" time="10.781"/>
</testsuite> <!-- neevsystems.SeleniumFrameWork.StandAloneSubmitOrder -->
