<?xml version="1.0" encoding="UTF-8"?>
<!-- Generated by org.testng.reporters.JUnitReportReporter -->
<testsuite hostname="DESKTOP-4D96T8D" failures="0" tests="2" name="seleniumJavaStreamsAutomateSortpaginationFilteringWebTablesSec14.Concatination" time="0.029" errors="0" timestamp="17 Jun 2024 08:52:51 GMT">
  <testcase classname="seleniumJavaStreamsAutomateSortpaginationFilteringWebTablesSec14.Concatination" name="concat" time="0.021"/>
  <testcase classname="seleniumJavaStreamsAutomateSortpaginationFilteringWebTablesSec14.Concatination" name="streamCollect" time="0.008"/>
</testsuite> <!-- seleniumJavaStreamsAutomateSortpaginationFilteringWebTablesSec14.Concatination -->
