<?xml version="1.0" encoding="UTF-8"?>
<!-- Generated by org.testng.reporters.JUnitReportReporter -->
<testsuite hostname="DESKTOP-4D96T8D" failures="0" tests="1" name="principlesNeededForFrameWorkCoreJavaSec17.PS1" time="0.016" errors="0" timestamp="19 Jun 2024 09:23:39 GMT">
  <testcase classname="principlesNeededForFrameWorkCoreJavaSec17.PS1" name="testrun" time="0.016"/>
</testsuite> <!-- principlesNeededForFrameWorkCoreJavaSec17.PS1 -->
