<?xml version="1.0" encoding="UTF-8"?>
<!-- Generated by org.testng.reporters.JUnitReportReporter -->
<testsuite hostname="DESKTOP-4D96T8D" failures="0" tests="1" name="seleniumJavaStreamsAutomateSortpaginationFilteringWebTablesSec14.Test1" time="0.024" errors="0" timestamp="17 Jun 2024 08:34:46 GMT">
  <testcase classname="seleniumJavaStreamsAutomateSortpaginationFilteringWebTablesSec14.Test1" name="streamfilter" time="0.024"/>
</testsuite> <!-- seleniumJavaStreamsAutomateSortpaginationFilteringWebTablesSec14.Test1 -->
