<?xml version="1.0" encoding="UTF-8"?>
<!-- Generated by org.testng.reporters.JUnitReportReporter -->
<testsuite hostname="DESKTOP-4D96T8D" failures="0" tests="1" name="frameworkTestNGSec16.day2" time="0.015" errors="0" timestamp="26 Jun 2024 13:47:48 GMT">
  <testcase classname="frameworkTestNGSec16.day2" name="ploan" time="0.015"/>
</testsuite> <!-- frameworkTestNGSec16.day2 -->
