<?xml version="1.0" encoding="UTF-8"?>
<!-- Generated by org.testng.reporters.JUnitReportReporter -->
<testsuite hostname="DESKTOP-4D96T8D" failures="0" tests="1" name="principlesNeededForFrameWorkCoreJavaSec17.ChildClass" time="0.018" errors="0" timestamp="19 Jun 2024 07:53:40 GMT">
  <testcase classname="principlesNeededForFrameWorkCoreJavaSec17.ChildClass" name="testrun" time="0.018"/>
</testsuite> <!-- principlesNeededForFrameWorkCoreJavaSec17.ChildClass -->
