<?xml version="1.0" encoding="UTF-8"?>
<!-- Generated by org.testng.reporters.JUnitReportReporter -->
<testsuite hostname="DESKTOP-4D96T8D" failures="0" tests="1" name="frameworkTestNGSec16.day3" time="0.004" errors="0" timestamp="26 Jun 2024 13:47:48 GMT">
  <testcase classname="frameworkTestNGSec16.day3" name="MobileLogincarLoan" time="0.004"/>
</testsuite> <!-- frameworkTestNGSec16.day3 -->
