<?xml version="1.0" encoding="UTF-8"?>
<!-- Generated by org.testng.reporters.JUnitReportReporter -->
<testsuite hostname="DESKTOP-4D96T8D" failures="0" tests="1" name="practiceAllCode.JavaStream" time="0.032" errors="0" timestamp="17 Jun 2024 09:08:34 GMT">
  <testcase classname="practiceAllCode.JavaStream" name="streamCollect" time="0.032"/>
</testsuite> <!-- practiceAllCode.JavaStream -->
