<?xml version="1.0" encoding="UTF-8"?>
<!-- Generated by org.testng.reporters.JUnitReportReporter -->
<testsuite hostname="DESKTOP-4D96T8D" failures="0" tests="1" name="neevsystems.ExtentReportsSec22.ExtentReportsDemo" time="4.707" errors="0" timestamp="2024-06-26T12:42:06 IST" skipped="0">
  <testcase classname="neevsystems.ExtentReportsSec22.ExtentReportsDemo" name="initialDemo" time="4.707"/>
  <system-out/>
</testsuite> <!-- neevsystems.ExtentReportsSec22.ExtentReportsDemo -->
